<?xml version="1.0" encoding="UTF-8"?>
<!-- Generated by org.testng.reporters.JUnitXMLReporter -->
<testsuite ignored="0" hostname="DesktopLu" failures="0" tests="3" name="Default test" time="25.706" errors="0" timestamp="13 Aug 2022 16:56:10 GMT">
  <testcase classname="webDriverTestNG.HomePageTest" name="test1" time="4.622"/>
  <testcase classname="webDriverTestNG.SimpliLearnLogin" name="test1" time="4.123"/>
  <testcase classname="webDriverTestNG.SimpliLearnLogin" name="test2" time="6.999"/>
</testsuite> <!-- Default test -->
