<?xml version="1.0" encoding="UTF-8"?>
<!-- Generated by org.testng.reporters.JUnitXMLReporter -->
<testsuite ignored="0" hostname="DesktopLu" failures="0" tests="3" name="Test" time="27.277" errors="0" timestamp="13 Aug 2022 17:05:37 GMT">
  <testcase classname="webDriverTestNG.SimpliLearnLogin" name="test1" time="4.436"/>
  <testcase classname="webDriverTestNG.SimpliLearnLogin" name="test2" time="5.804"/>
  <testcase classname="webDriverTestNG.HomePageTest" name="test1" time="5.455"/>
</testsuite> <!-- Test -->
