<?xml version="1.0" encoding="UTF-8"?>
<!-- Generated by org.testng.reporters.JUnitXMLReporter -->
<testsuite ignored="0" hostname="DesktopLu" failures="0" tests="3" name="Test" time="29.722" errors="0" timestamp="14 Aug 2022 14:57:44 GMT">
  <testcase classname="webDriverTestNG.SimpliLearnLogin" name="test1" time="4.281"/>
  <testcase classname="webDriverTestNG.SimpliLearnLogin" name="test2" time="8.574"/>
  <testcase classname="webDriverTestNG.HomePageTest" name="test1" time="3.291"/>
</testsuite> <!-- Test -->
