<?xml version="1.0" encoding="UTF-8"?>
<testng-results ignored="0" total="3" passed="3" failed="0" skipped="0">
  <reporter-output>
  </reporter-output>
  <suite started-at="2022-08-14T14:57:15Z" name="Suite" finished-at="2022-08-14T14:57:44Z" duration-ms="29722">
    <groups>
    </groups>
    <test started-at="2022-08-14T14:57:15Z" name="Test" finished-at="2022-08-14T14:57:44Z" duration-ms="29722">
      <class name="webDriverTestNG.HomePageTest">
        <test-method is-config="true" signature="setup()[pri:0, instance:webDriverTestNG.HomePageTest@54bff557]" started-at="2022-08-14T14:57:38Z" name="setup" finished-at="2022-08-14T14:57:41Z" duration-ms="2815" status="PASS">
          <reporter-output>
          </reporter-output>
        </test-method> <!-- setup -->
        <test-method signature="test1()[pri:0, instance:webDriverTestNG.HomePageTest@54bff557]" started-at="2022-08-14T14:57:41Z" name="test1" finished-at="2022-08-14T14:57:44Z" duration-ms="3291" status="PASS">
          <reporter-output>
          </reporter-output>
        </test-method> <!-- test1 -->
        <test-method is-config="true" signature="tearDown()[pri:0, instance:webDriverTestNG.HomePageTest@54bff557]" started-at="2022-08-14T14:57:44Z" name="tearDown" finished-at="2022-08-14T14:57:44Z" duration-ms="287" status="PASS">
          <reporter-output>
          </reporter-output>
        </test-method> <!-- tearDown -->
      </class> <!-- webDriverTestNG.HomePageTest -->
      <class name="webDriverTestNG.SimpliLearnLogin">
        <test-method is-config="true" signature="setup()[pri:0, instance:webDriverTestNG.SimpliLearnLogin@1de76cc7]" started-at="2022-08-14T14:57:15Z" name="setup" finished-at="2022-08-14T14:57:21Z" duration-ms="6385" status="PASS">
          <reporter-output>
          </reporter-output>
        </test-method> <!-- setup -->
        <test-method signature="test1()[pri:0, instance:webDriverTestNG.SimpliLearnLogin@1de76cc7]" started-at="2022-08-14T14:57:21Z" name="test1" finished-at="2022-08-14T14:57:25Z" duration-ms="4281" status="PASS">
          <reporter-output>
          </reporter-output>
        </test-method> <!-- test1 -->
        <test-method is-config="true" signature="tearDown()[pri:0, instance:webDriverTestNG.SimpliLearnLogin@1de76cc7]" started-at="2022-08-14T14:57:25Z" name="tearDown" finished-at="2022-08-14T14:57:25Z" duration-ms="151" status="PASS">
          <reporter-output>
          </reporter-output>
        </test-method> <!-- tearDown -->
        <test-method is-config="true" signature="setup()[pri:0, instance:webDriverTestNG.SimpliLearnLogin@1de76cc7]" started-at="2022-08-14T14:57:25Z" name="setup" finished-at="2022-08-14T14:57:29Z" duration-ms="3722" status="PASS">
          <reporter-output>
          </reporter-output>
        </test-method> <!-- setup -->
        <test-method signature="test2()[pri:0, instance:webDriverTestNG.SimpliLearnLogin@1de76cc7]" started-at="2022-08-14T14:57:29Z" name="test2" finished-at="2022-08-14T14:57:38Z" duration-ms="8574" status="PASS">
          <reporter-output>
          </reporter-output>
        </test-method> <!-- test2 -->
        <test-method is-config="true" signature="tearDown()[pri:0, instance:webDriverTestNG.SimpliLearnLogin@1de76cc7]" started-at="2022-08-14T14:57:38Z" name="tearDown" finished-at="2022-08-14T14:57:38Z" duration-ms="185" status="PASS">
          <reporter-output>
          </reporter-output>
        </test-method> <!-- tearDown -->
      </class> <!-- webDriverTestNG.SimpliLearnLogin -->
    </test> <!-- Test -->
  </suite> <!-- Suite -->
</testng-results>
