<?xml version="1.0" encoding="UTF-8"?>
<testng-results ignored="0" total="3" passed="3" failed="0" skipped="0">
  <reporter-output>
  </reporter-output>
  <suite started-at="2022-08-13T17:05:09Z" name="Suite" finished-at="2022-08-13T17:05:36Z" duration-ms="27277">
    <groups>
    </groups>
    <test started-at="2022-08-13T17:05:09Z" name="Test" finished-at="2022-08-13T17:05:36Z" duration-ms="27277">
      <class name="webDriverTestNG.HomePageTest">
        <test-method is-config="true" signature="setup()[pri:0, instance:webDriverTestNG.HomePageTest@2d52216b]" started-at="2022-08-13T17:05:28Z" name="setup" finished-at="2022-08-13T17:05:31Z" duration-ms="3137" status="PASS">
          <reporter-output>
          </reporter-output>
        </test-method> <!-- setup -->
        <test-method signature="test1()[pri:0, instance:webDriverTestNG.HomePageTest@2d52216b]" started-at="2022-08-13T17:05:31Z" name="test1" finished-at="2022-08-13T17:05:36Z" duration-ms="5455" status="PASS">
          <reporter-output>
          </reporter-output>
        </test-method> <!-- test1 -->
        <test-method is-config="true" signature="tearDown()[pri:0, instance:webDriverTestNG.HomePageTest@2d52216b]" started-at="2022-08-13T17:05:36Z" name="tearDown" finished-at="2022-08-13T17:05:36Z" duration-ms="126" status="PASS">
          <reporter-output>
          </reporter-output>
        </test-method> <!-- tearDown -->
      </class> <!-- webDriverTestNG.HomePageTest -->
      <class name="webDriverTestNG.SimpliLearnLogin">
        <test-method is-config="true" signature="setup()[pri:0, instance:webDriverTestNG.SimpliLearnLogin@771a660]" started-at="2022-08-13T17:05:09Z" name="setup" finished-at="2022-08-13T17:05:12Z" duration-ms="3042" status="PASS">
          <reporter-output>
          </reporter-output>
        </test-method> <!-- setup -->
        <test-method signature="test1()[pri:0, instance:webDriverTestNG.SimpliLearnLogin@771a660]" started-at="2022-08-13T17:05:12Z" name="test1" finished-at="2022-08-13T17:05:17Z" duration-ms="4436" status="PASS">
          <reporter-output>
          </reporter-output>
        </test-method> <!-- test1 -->
        <test-method is-config="true" signature="tearDown()[pri:0, instance:webDriverTestNG.SimpliLearnLogin@771a660]" started-at="2022-08-13T17:05:17Z" name="tearDown" finished-at="2022-08-13T17:05:17Z" duration-ms="186" status="PASS">
          <reporter-output>
          </reporter-output>
        </test-method> <!-- tearDown -->
        <test-method is-config="true" signature="setup()[pri:0, instance:webDriverTestNG.SimpliLearnLogin@771a660]" started-at="2022-08-13T17:05:17Z" name="setup" finished-at="2022-08-13T17:05:22Z" duration-ms="4854" status="PASS">
          <reporter-output>
          </reporter-output>
        </test-method> <!-- setup -->
        <test-method signature="test2()[pri:0, instance:webDriverTestNG.SimpliLearnLogin@771a660]" started-at="2022-08-13T17:05:22Z" name="test2" finished-at="2022-08-13T17:05:27Z" duration-ms="5804" status="PASS">
          <reporter-output>
          </reporter-output>
        </test-method> <!-- test2 -->
        <test-method is-config="true" signature="tearDown()[pri:0, instance:webDriverTestNG.SimpliLearnLogin@771a660]" started-at="2022-08-13T17:05:27Z" name="tearDown" finished-at="2022-08-13T17:05:28Z" duration-ms="206" status="PASS">
          <reporter-output>
          </reporter-output>
        </test-method> <!-- tearDown -->
      </class> <!-- webDriverTestNG.SimpliLearnLogin -->
    </test> <!-- Test -->
  </suite> <!-- Suite -->
</testng-results>
